<?xml version="1.0" encoding="UTF-8"?>
<!-- Generated by org.testng.reporters.JUnitReportReporter -->
<testsuite hostname="shylajabhaumik" failures="0" tests="1" name="postTest" time="15.976" errors="0" timestamp="2022-10-26T14:58:32 EDT" skipped="0">
  <testcase classname="postTest" name="postTest1" time="15.976"/>
  <system-out/>
</testsuite> <!-- postTest -->
