<?xml version="1.0" encoding="UTF-8"?>
<!-- Generated by org.testng.reporters.JUnitReportReporter -->
<testsuite hostname="shylajabhaumik" failures="0" tests="1" name="getTest" time="1.684" errors="0" timestamp="2022-10-25T23:33:43 EDT" skipped="0">
  <testcase classname="getTest" name="getTestMethod1" time="1.684"/>
  <system-out/>
</testsuite> <!-- getTest -->
