<?xml version="1.0" encoding="UTF-8"?>
<!-- Generated by org.testng.reporters.JUnitReportReporter -->
<testsuite hostname="shylajabhaumik" failures="0" tests="4" name="com.myrestassured.testcases.User_Registration" time="2.823" errors="0" timestamp="2022-10-27T23:46:40 EDT" skipped="0">
  <testcase classname="com.myrestassured.testcases.User_Registration" name="user_registration_data_parameter" time="0.439"/>
  <system-out/>
  <testcase classname="com.myrestassured.testcases.User_Registration" name="user_registration_data_parameter" time="0.437"/>
  <system-out/>
  <testcase classname="com.myrestassured.testcases.User_Registration" name="user_registration_data_parameter" time="0.541"/>
  <system-out/>
  <testcase classname="com.myrestassured.testcases.User_Registration" name="user_registration" time="1.406"/>
  <system-out/>
</testsuite> <!-- com.myrestassured.testcases.User_Registration -->
