<?xml version="1.0" encoding="UTF-8"?>
<!-- Generated by org.testng.reporters.JUnitReportReporter -->
<testsuite hostname="shylajabhaumik" failures="0" tests="5" name="com.myrestassured.testcases.Library_API" time="4.442" errors="0" timestamp="2022-10-27T11:45:14 EDT" skipped="0">
  <testcase classname="com.myrestassured.testcases.Library_API" name="copies_sold" time="3.881"/>
  <system-out/>
  <testcase classname="com.myrestassured.testcases.Library_API" name="number_of_courses" time="0.081"/>
  <system-out/>
  <testcase classname="com.myrestassured.testcases.Library_API" name="total_purchase_amount" time="0.056"/>
  <system-out/>
  <testcase classname="com.myrestassured.testcases.Library_API" name="title_of_first_course" time="0.062"/>
  <system-out/>
  <testcase classname="com.myrestassured.testcases.Library_API" name="sum_of_course_price" time="0.362"/>
  <system-out/>
</testsuite> <!-- com.myrestassured.testcases.Library_API -->
