<?xml version="1.0" encoding="UTF-8"?>
<!-- Generated by org.testng.reporters.JUnitReportReporter -->
<testsuite hostname="shylajabhaumik" failures="0" tests="1" name="com.myrestassured.testcases.Library_E2E_Request" time="6.545" errors="0" timestamp="2022-10-26T23:10:35 EDT" skipped="0">
  <testcase classname="com.myrestassured.testcases.Library_E2E_Request" name="E2E_request" time="6.545"/>
  <system-out/>
</testsuite> <!-- com.myrestassured.testcases.Library_E2E_Request -->
